ALERTA: Muitas falhas para o usuário joao
ALERTA: Muitas falhas para o usuário maria
ALERTA: Muitas falhas para o usuário joao
ALERTA: Muitas falhas para o usuário joao
ALERTA: Muitas falhas para o usuário joao
ALERTA: Muitas falhas para o usuário ana
ALERTA: Muitas falhas para o usuário ana
ALERTA: Muitas falhas para o usuário joao
ALERTA: Muitas falhas para o usuário joao
ALERTA: Muitas falhas para o usuário joao
ALERTA: Muitas falhas para o usuário maria
ALERTA: Muitas falhas para o usuário carlos
ALERTA: Muitas falhas para o usuário carlos
ALERTA: Muitas falhas para o usuário carlos
ALERTA: Muitas falhas para o usuário ana
ALERTA: Muitas falhas para o usuário ana
ALERTA: Muitas falhas para o usuário ana
ALERTA: Muitas falhas para o usuário ana
ALERTA: Muitas falhas para o usuário admin
ALERTA: Muitas falhas para o usuário admin
ALERTA: Muitas falhas para o usuário admin
