[2024-09-17 10:00:00] INFO: Tentativa de login do usuário 'joao'.
[2024-09-17 10:01:00] ERROR: Senha incorreta para o usuário 'joao'.
[2024-09-17 10:02:00] ERROR: Senha incorreta para o usuário 'joao'.
[2024-09-17 10:03:00] ERROR: Senha incorreta para o usuário 'joao'.
[2024-09-17 10:04:00] INFO: Tentativa de login do usuário 'maria'.
[2024-09-17 10:05:00] ERROR: Senha incorreta para o usuário 'maria'.
[2024-09-17 10:06:00] ERROR: Senha incorreta para o usuário 'maria'.
[2024-09-17 10:07:00] ERROR: Senha incorreta para o usuário 'maria'.
[2024-09-17 10:08:00] INFO: Tentativa de login do usuário 'carlos'.
[2024-09-17 10:09:00] ERROR: Senha incorreta para o usuário 'carlos'.
[2024-09-17 10:10:00] ERROR: Senha incorreta para o usuário 'carlos'.
[2024-09-17 10:11:00] INFO: Tentativa de login do usuário 'joao'.
[2024-09-17 10:12:00] ERROR: Senha incorreta para o usuário 'joao'.
[2024-09-17 10:13:00] ERROR: Senha incorreta para o usuário 'joao'.
[2024-09-17 10:14:00] ERROR: Senha incorreta para o usuário 'joao'.
[2024-09-17 10:15:00] INFO: Tentativa de login do usuário 'ana'.
[2024-09-17 10:16:00] ERROR: Senha incorreta para o usuário 'ana'.
[2024-09-17 10:17:00] ERROR: Senha incorreta para o usuário 'ana'.
[2024-09-17 10:18:00] ERROR: Senha incorreta para o usuário 'ana'.
[2024-09-17 10:19:00] ERROR: Senha incorreta para o usuário 'ana'.
[2024-09-17 09:55:12] INFO: Sistema iniciado.
[2024-09-17 10:00:00] INFO: Tentativa de login do usuário 'joao' (IP: 192.168.0.10).
[2024-09-17 10:01:00] ERROR: Senha incorreta para o usuário 'joao'.
[2024-09-17 10:02:00] ERROR: Senha incorreta para o usuário 'joao'.
[2024-09-17 10:03:00] ERROR: Senha incorreta para o usuário 'joao'.
[2024-09-17 10:03:01] ALERTA: Usuário 'joao' bloqueado temporariamente por excesso de falhas.

[2024-09-17 10:04:00] INFO: Tentativa de login do usuário 'maria' (IP: 192.168.0.11).
[2024-09-17 10:05:00] ERROR: Senha incorreta para o usuário 'maria'.
[2024-09-17 10:06:00] INFO: Login realizado com sucesso para o usuário 'maria'.

[2024-09-17 10:08:00] INFO: Tentativa de login do usuário 'carlos' (IP: 192.168.0.15).
[2024-09-17 10:09:00] ERROR: Senha incorreta para o usuário 'carlos'.
[2024-09-17 10:10:00] ERROR: Senha incorreta para o usuário 'carlos'.
[2024-09-17 10:11:00] ERROR: Senha incorreta para o usuário 'carlos'.
[2024-09-17 10:11:02] ALERTA: Usuário 'carlos' bloqueado temporariamente por excesso de falhas.

[2024-09-17 10:15:00] INFO: Tentativa de login do usuário 'ana' (IP: 192.168.0.20).
[2024-09-17 10:16:00] ERROR: Senha incorreta para o usuário 'ana'.
[2024-09-17 10:17:00] ERROR: Senha incorreta para o usuário 'ana'.
[2024-09-17 10:18:00] ERROR: Senha incorreta para o usuário 'ana'.
[2024-09-17 10:19:00] ERROR: Senha incorreta para o usuário 'ana'.
[2024-09-17 10:19:02] ALERTA: Usuário 'ana' bloqueado temporariamente por excesso de falhas.

[2024-09-17 10:25:00] INFO: Tentativa de login do usuário 'admin' (IP: 203.0.113.45).
[2024-09-17 10:25:01] ERROR: Senha incorreta para o usuário 'admin'.
[2024-09-17 10:25:02] ERROR: Senha incorreta para o usuário 'admin'.
[2024-09-17 10:25:03] ERROR: Senha incorreta para o usuário 'admin'.
[2024-09-17 10:25:04] ERROR: Senha incorreta para o usuário 'admin'.
[2024-09-17 10:25:05] ERROR: Senha incorreta para o usuário 'admin'.
[2024-09-17 10:25:06] ALERTA: Possível ataque de força bruta detectado no usuário 'admin'.

[2024-09-17 10:30:00] INFO: Tentativa de login do usuário 'joao' (IP: 192.168.0.10).
[2024-09-17 10:30:02] INFO: Login realizado com sucesso para o usuário 'joao'.

[2024-09-17 10:35:00] INFO: Tentativa de login do usuário 'lucas' (IP: 192.168.0.30).
[2024-09-17 10:35:02] ERROR: Senha incorreta para o usuário 'lucas'.
[2024-09-17 10:36:00] INFO: Login realizado com sucesso para o usuário 'lucas'.

[2024-09-17 10:40:00] WARNING: Tentativa de acesso a recurso restrito pelo usuário 'maria'.
[2024-09-17 10:45:00] INFO: Sistema encerrado.
