[2024-09-17 10:00:00] INFO: Tentativa de login do usuário 'joao'.
[2024-09-17 10:01:00] ERROR: Senha incorreta para o usuário 'joao'.
[2024-09-17 10:02:00] ERROR: Senha incorreta para o usuário 'joao'.
[2024-09-17 10:03:00] ERROR: Senha incorreta para o usuário 'joao'.
[2024-09-17 10:04:00] INFO: Tentativa de login do usuário 'maria'.
[2024-09-17 10:05:00] ERROR: Senha incorreta para o usuário 'maria'.
[2024-09-17 10:06:00] ERROR: Senha incorreta para o usuário 'maria'.
[2024-09-17 10:07:00] ERROR: Senha incorreta para o usuário 'maria'.
[2024-09-17 10:08:00] INFO: Tentativa de login do usuário 'carlos'.
[2024-09-17 10:09:00] ERROR: Senha incorreta para o usuário 'carlos'.
[2024-09-17 10:10:00] ERROR: Senha incorreta para o usuário 'carlos'.
[2024-09-17 10:11:00] INFO: Tentativa de login do usuário 'joao'.
[2024-09-17 10:12:00] ERROR: Senha incorreta para o usuário 'joao'.
[2024-09-17 10:13:00] ERROR: Senha incorreta para o usuário 'joao'.
[2024-09-17 10:14:00] ERROR: Senha incorreta para o usuário 'joao'.
[2024-09-17 10:15:00] INFO: Tentativa de login do usuário 'ana'.
[2024-09-17 10:16:00] ERROR: Senha incorreta para o usuário 'ana'.
[2024-09-17 10:17:00] ERROR: Senha incorreta para o usuário 'ana'.
[2024-09-17 10:18:00] ERROR: Senha incorreta para o usuário 'ana'.
[2024-09-17 10:19:00] ERROR: Senha incorreta para o usuário 'ana'.
